{"C:\\Users\\Greenlight\\Documents\\Launch School\\js130-more-javascript-foundations\\javascript_challenges\\custom-set.js": {"path":"C:\\Users\\Greenlight\\Documents\\Launch School\\js130-more-javascript-foundations\\javascript_challenges\\custom-set.js","statementMap":{"0":{"start":{"line":2,"column":2},"end":{"line":2,"column":68}},"1":{"start":{"line":2,"column":38},"end":{"line":2,"column":66}},"2":{"start":{"line":7,"column":4},"end":{"line":7,"column":31}},"3":{"start":{"line":11,"column":4},"end":{"line":11,"column":34}},"4":{"start":{"line":15,"column":4},"end":{"line":15,"column":39}},"5":{"start":{"line":19,"column":4},"end":{"line":19,"column":61}},"6":{"start":{"line":19,"column":38},"end":{"line":19,"column":59}},"7":{"start":{"line":23,"column":4},"end":{"line":23,"column":61}},"8":{"start":{"line":23,"column":38},"end":{"line":23,"column":59}},"9":{"start":{"line":27,"column":4},"end":{"line":27,"column":59}},"10":{"start":{"line":27,"column":46},"end":{"line":27,"column":59}},"11":{"start":{"line":28,"column":4},"end":{"line":28,"column":61}},"12":{"start":{"line":28,"column":38},"end":{"line":28,"column":59}},"13":{"start":{"line":32,"column":4},"end":{"line":34,"column":5}},"14":{"start":{"line":33,"column":6},"end":{"line":33,"column":30}},"15":{"start":{"line":36,"column":4},"end":{"line":36,"column":16}},"16":{"start":{"line":40,"column":4},"end":{"line":40,"column":77}},"17":{"start":{"line":40,"column":53},"end":{"line":40,"column":74}},"18":{"start":{"line":44,"column":4},"end":{"line":44,"column":83}},"19":{"start":{"line":44,"column":53},"end":{"line":44,"column":80}},"20":{"start":{"line":48,"column":4},"end":{"line":48,"column":53}},"21":{"start":{"line":52,"column":0},"end":{"line":52,"column":27}}},"fnMap":{"0":{"name":"isUnique","decl":{"start":{"line":1,"column":9},"end":{"line":1,"column":17}},"loc":{"start":{"line":1,"column":23},"end":{"line":3,"column":1}},"line":1},"1":{"name":"(anonymous_1)","decl":{"start":{"line":2,"column":20},"end":{"line":2,"column":21}},"loc":{"start":{"line":2,"column":38},"end":{"line":2,"column":66}},"line":2},"2":{"name":"(anonymous_2)","decl":{"start":{"line":6,"column":2},"end":{"line":6,"column":3}},"loc":{"start":{"line":6,"column":25},"end":{"line":8,"column":3}},"line":6},"3":{"name":"(anonymous_3)","decl":{"start":{"line":10,"column":2},"end":{"line":10,"column":3}},"loc":{"start":{"line":10,"column":12},"end":{"line":12,"column":3}},"line":10},"4":{"name":"(anonymous_4)","decl":{"start":{"line":14,"column":2},"end":{"line":14,"column":3}},"loc":{"start":{"line":14,"column":20},"end":{"line":16,"column":3}},"line":14},"5":{"name":"(anonymous_5)","decl":{"start":{"line":18,"column":2},"end":{"line":18,"column":3}},"loc":{"start":{"line":18,"column":16},"end":{"line":20,"column":3}},"line":18},"6":{"name":"(anonymous_6)","decl":{"start":{"line":19,"column":27},"end":{"line":19,"column":28}},"loc":{"start":{"line":19,"column":38},"end":{"line":19,"column":59}},"line":19},"7":{"name":"(anonymous_7)","decl":{"start":{"line":22,"column":2},"end":{"line":22,"column":3}},"loc":{"start":{"line":22,"column":18},"end":{"line":24,"column":3}},"line":22},"8":{"name":"(anonymous_8)","decl":{"start":{"line":23,"column":27},"end":{"line":23,"column":28}},"loc":{"start":{"line":23,"column":38},"end":{"line":23,"column":59}},"line":23},"9":{"name":"(anonymous_9)","decl":{"start":{"line":26,"column":2},"end":{"line":26,"column":3}},"loc":{"start":{"line":26,"column":14},"end":{"line":29,"column":3}},"line":26},"10":{"name":"(anonymous_10)","decl":{"start":{"line":28,"column":27},"end":{"line":28,"column":28}},"loc":{"start":{"line":28,"column":38},"end":{"line":28,"column":59}},"line":28},"11":{"name":"(anonymous_11)","decl":{"start":{"line":31,"column":2},"end":{"line":31,"column":3}},"loc":{"start":{"line":31,"column":15},"end":{"line":37,"column":3}},"line":31},"12":{"name":"(anonymous_12)","decl":{"start":{"line":39,"column":2},"end":{"line":39,"column":3}},"loc":{"start":{"line":39,"column":20},"end":{"line":41,"column":3}},"line":39},"13":{"name":"(anonymous_13)","decl":{"start":{"line":40,"column":42},"end":{"line":40,"column":43}},"loc":{"start":{"line":40,"column":53},"end":{"line":40,"column":74}},"line":40},"14":{"name":"(anonymous_14)","decl":{"start":{"line":43,"column":2},"end":{"line":43,"column":3}},"loc":{"start":{"line":43,"column":18},"end":{"line":45,"column":3}},"line":43},"15":{"name":"(anonymous_15)","decl":{"start":{"line":44,"column":42},"end":{"line":44,"column":43}},"loc":{"start":{"line":44,"column":53},"end":{"line":44,"column":80}},"line":44},"16":{"name":"(anonymous_16)","decl":{"start":{"line":47,"column":2},"end":{"line":47,"column":3}},"loc":{"start":{"line":47,"column":13},"end":{"line":49,"column":3}},"line":47}},"branchMap":{"0":{"loc":{"start":{"line":6,"column":14},"end":{"line":6,"column":23}},"type":"default-arg","locations":[{"start":{"line":6,"column":21},"end":{"line":6,"column":23}}],"line":6},"1":{"loc":{"start":{"line":27,"column":4},"end":{"line":27,"column":59}},"type":"if","locations":[{"start":{"line":27,"column":4},"end":{"line":27,"column":59}},{"start":{},"end":{}}],"line":27},"2":{"loc":{"start":{"line":32,"column":4},"end":{"line":34,"column":5}},"type":"if","locations":[{"start":{"line":32,"column":4},"end":{"line":34,"column":5}},{"start":{},"end":{}}],"line":32}},"s":{"0":95,"1":136,"2":95,"3":2,"4":58,"5":6,"6":9,"7":5,"8":5,"9":21,"10":2,"11":19,"12":27,"13":3,"14":2,"15":3,"16":5,"17":11,"18":4,"19":7,"20":4,"21":1},"f":{"0":95,"1":136,"2":95,"3":2,"4":58,"5":6,"6":9,"7":5,"8":5,"9":21,"10":27,"11":3,"12":5,"13":11,"14":4,"15":7,"16":4},"b":{"0":[28],"1":[2,19],"2":[2,1]},"_coverageSchema":"1a1c01bbd47fc00a2c39e90264f33305004495a9","hash":"d78cd5bcebe5aa255fe34c197ae9a3a9565e999e"}
}
