TN:
SF:custom-set.js
FN:1,isUnique
FN:2,(anonymous_1)
FN:6,(anonymous_2)
FN:10,(anonymous_3)
FN:14,(anonymous_4)
FN:18,(anonymous_5)
FN:19,(anonymous_6)
FN:22,(anonymous_7)
FN:23,(anonymous_8)
FN:26,(anonymous_9)
FN:28,(anonymous_10)
FN:31,(anonymous_11)
FN:39,(anonymous_12)
FN:40,(anonymous_13)
FN:43,(anonymous_14)
FN:44,(anonymous_15)
FN:47,(anonymous_16)
FNF:17
FNH:17
FNDA:95,isUnique
FNDA:136,(anonymous_1)
FNDA:95,(anonymous_2)
FNDA:2,(anonymous_3)
FNDA:58,(anonymous_4)
FNDA:6,(anonymous_5)
FNDA:9,(anonymous_6)
FNDA:5,(anonymous_7)
FNDA:5,(anonymous_8)
FNDA:21,(anonymous_9)
FNDA:27,(anonymous_10)
FNDA:3,(anonymous_11)
FNDA:5,(anonymous_12)
FNDA:11,(anonymous_13)
FNDA:4,(anonymous_14)
FNDA:7,(anonymous_15)
FNDA:4,(anonymous_16)
DA:2,136
DA:7,95
DA:11,2
DA:15,58
DA:19,9
DA:23,5
DA:27,21
DA:28,27
DA:32,3
DA:33,2
DA:36,3
DA:40,11
DA:44,7
DA:48,4
DA:52,1
LF:15
LH:15
BRDA:6,0,0,28
BRDA:27,1,0,2
BRDA:27,1,1,19
BRDA:32,2,0,2
BRDA:32,2,1,1
BRF:5
BRH:5
end_of_record
